0 info it worked if it ends with ok
1 verbose cli [ '/usr/bin/node', '/usr/bin/npm', 'i', '-g', 'json-server' ]
2 info using npm@3.5.2
3 info using node@v8.10.0
4 silly loadCurrentTree Starting
5 silly install loadCurrentTree
6 silly install readGlobalPackageData
7 silly fetchPackageMetaData json-server
8 silly fetchNamedPackageData json-server
9 silly mapToRegistry name json-server
10 silly mapToRegistry using default registry
11 silly mapToRegistry registry https://registry.npmjs.org/
12 silly mapToRegistry uri https://registry.npmjs.org/json-server
13 verbose request uri https://registry.npmjs.org/json-server
14 verbose request no auth needed
15 info attempt registry request try #1 at 08:48:03
16 verbose request id 846e2e59128b4902
17 verbose etag W/"9bebe52ff5fcc88a11ac68a57e114184"
18 verbose lastModified Mon, 01 Mar 2021 18:43:32 GMT
19 http request GET https://registry.npmjs.org/json-server
20 http 304 https://registry.npmjs.org/json-server
21 verbose headers { date: 'Tue, 15 Jun 2021 06:48:03 GMT',
21 verbose headers   connection: 'keep-alive',
21 verbose headers   'cf-ray': '65f9d9bfee4a0893-CDG',
21 verbose headers   age: '3223',
21 verbose headers   'cache-control': 'public, max-age=300',
21 verbose headers   etag: '"9bebe52ff5fcc88a11ac68a57e114184"',
21 verbose headers   'last-modified': 'Mon, 01 Mar 2021 18:43:32 GMT',
21 verbose headers   vary: 'Accept-Encoding',
21 verbose headers   'cf-cache-status': 'HIT',
21 verbose headers   'cf-request-id': '0ab0066bf60000089396ad0000000001',
21 verbose headers   'expect-ct': 'max-age=604800, report-uri="https://report-uri.cloudflare.com/cdn-cgi/beacon/expect-ct"',
21 verbose headers   server: 'cloudflare' }
22 silly get cb [ 304,
22 silly get   { date: 'Tue, 15 Jun 2021 06:48:03 GMT',
22 silly get     connection: 'keep-alive',
22 silly get     'cf-ray': '65f9d9bfee4a0893-CDG',
22 silly get     age: '3223',
22 silly get     'cache-control': 'public, max-age=300',
22 silly get     etag: '"9bebe52ff5fcc88a11ac68a57e114184"',
22 silly get     'last-modified': 'Mon, 01 Mar 2021 18:43:32 GMT',
22 silly get     vary: 'Accept-Encoding',
22 silly get     'cf-cache-status': 'HIT',
22 silly get     'cf-request-id': '0ab0066bf60000089396ad0000000001',
22 silly get     'expect-ct': 'max-age=604800, report-uri="https://report-uri.cloudflare.com/cdn-cgi/beacon/expect-ct"',
22 silly get     server: 'cloudflare' } ]
23 verbose etag https://registry.npmjs.org/json-server from cache
24 verbose get saving json-server to /home/sylvain/.npm/registry.npmjs.org/json-server/.cache.json
25 silly install normalizeTree
26 silly loadCurrentTree Finishing
27 silly loadIdealTree Starting
28 silly install loadIdealTree
29 silly cloneCurrentTree Starting
30 silly install cloneCurrentTreeToIdealTree
31 silly cloneCurrentTree Finishing
32 silly loadShrinkwrap Starting
33 silly install loadShrinkwrap
34 silly loadShrinkwrap Finishing
35 silly loadAllDepsIntoIdealTree Starting
36 silly install loadAllDepsIntoIdealTree
37 silly resolveWithNewModule json-server@0.16.3 checking installable status
38 silly cache add args [ 'json-server', null ]
39 verbose cache add spec json-server
40 silly cache add parsed spec Result {
40 silly cache add   raw: 'json-server',
40 silly cache add   scope: null,
40 silly cache add   name: 'json-server',
40 silly cache add   rawSpec: '',
40 silly cache add   spec: 'latest',
40 silly cache add   type: 'tag' }
41 silly addNamed json-server@latest
42 verbose addNamed "latest" is being treated as a dist-tag for json-server
43 info addNameTag [ 'json-server', 'latest' ]
44 silly mapToRegistry name json-server
45 silly mapToRegistry using default registry
46 silly mapToRegistry registry https://registry.npmjs.org/
47 silly mapToRegistry uri https://registry.npmjs.org/json-server
48 verbose addNameTag registry:https://registry.npmjs.org/json-server not in flight; fetching
49 verbose get https://registry.npmjs.org/json-server not expired, no request
50 silly addNameTag next cb for json-server with tag latest
51 silly addNamed json-server@0.16.3
52 verbose addNamed "0.16.3" is a plain semver version for json-server
53 silly cache afterAdd json-server@0.16.3
54 verbose afterAdd /home/sylvain/.npm/json-server/0.16.3/package/package.json not in flight; writing
55 verbose afterAdd /home/sylvain/.npm/json-server/0.16.3/package/package.json written
56 silly fetchNamedPackageData body-parser
57 silly mapToRegistry name body-parser
58 silly mapToRegistry using default registry
59 silly mapToRegistry registry https://registry.npmjs.org/
60 silly mapToRegistry uri https://registry.npmjs.org/body-parser
61 silly fetchNamedPackageData chalk
62 silly mapToRegistry name chalk
63 silly mapToRegistry using default registry
64 silly mapToRegistry registry https://registry.npmjs.org/
65 silly mapToRegistry uri https://registry.npmjs.org/chalk
66 silly fetchNamedPackageData compression
67 silly mapToRegistry name compression
68 silly mapToRegistry using default registry
69 silly mapToRegistry registry https://registry.npmjs.org/
70 silly mapToRegistry uri https://registry.npmjs.org/compression
71 silly fetchNamedPackageData connect-pause
72 silly mapToRegistry name connect-pause
73 silly mapToRegistry using default registry
74 silly mapToRegistry registry https://registry.npmjs.org/
75 silly mapToRegistry uri https://registry.npmjs.org/connect-pause
76 silly fetchNamedPackageData cors
77 silly mapToRegistry name cors
78 silly mapToRegistry using default registry
79 silly mapToRegistry registry https://registry.npmjs.org/
80 silly mapToRegistry uri https://registry.npmjs.org/cors
81 silly fetchNamedPackageData errorhandler
82 silly mapToRegistry name errorhandler
83 silly mapToRegistry using default registry
84 silly mapToRegistry registry https://registry.npmjs.org/
85 silly mapToRegistry uri https://registry.npmjs.org/errorhandler
86 silly fetchNamedPackageData express
87 silly mapToRegistry name express
88 silly mapToRegistry using default registry
89 silly mapToRegistry registry https://registry.npmjs.org/
90 silly mapToRegistry uri https://registry.npmjs.org/express
91 silly fetchNamedPackageData express-urlrewrite
92 silly mapToRegistry name express-urlrewrite
93 silly mapToRegistry using default registry
94 silly mapToRegistry registry https://registry.npmjs.org/
95 silly mapToRegistry uri https://registry.npmjs.org/express-urlrewrite
96 silly fetchNamedPackageData json-parse-helpfulerror
97 silly mapToRegistry name json-parse-helpfulerror
98 silly mapToRegistry using default registry
99 silly mapToRegistry registry https://registry.npmjs.org/
100 silly mapToRegistry uri https://registry.npmjs.org/json-parse-helpfulerror
101 silly fetchNamedPackageData lodash
102 silly mapToRegistry name lodash
103 silly mapToRegistry using default registry
104 silly mapToRegistry registry https://registry.npmjs.org/
105 silly mapToRegistry uri https://registry.npmjs.org/lodash
106 silly fetchNamedPackageData lodash-id
107 silly mapToRegistry name lodash-id
108 silly mapToRegistry using default registry
109 silly mapToRegistry registry https://registry.npmjs.org/
110 silly mapToRegistry uri https://registry.npmjs.org/lodash-id
111 silly fetchNamedPackageData lowdb
112 silly mapToRegistry name lowdb
113 silly mapToRegistry using default registry
114 silly mapToRegistry registry https://registry.npmjs.org/
115 silly mapToRegistry uri https://registry.npmjs.org/lowdb
116 silly fetchNamedPackageData method-override
117 silly mapToRegistry name method-override
118 silly mapToRegistry using default registry
119 silly mapToRegistry registry https://registry.npmjs.org/
120 silly mapToRegistry uri https://registry.npmjs.org/method-override
121 silly fetchNamedPackageData morgan
122 silly mapToRegistry name morgan
123 silly mapToRegistry using default registry
124 silly mapToRegistry registry https://registry.npmjs.org/
125 silly mapToRegistry uri https://registry.npmjs.org/morgan
126 silly fetchNamedPackageData nanoid
127 silly mapToRegistry name nanoid
128 silly mapToRegistry using default registry
129 silly mapToRegistry registry https://registry.npmjs.org/
130 silly mapToRegistry uri https://registry.npmjs.org/nanoid
131 silly fetchNamedPackageData please-upgrade-node
132 silly mapToRegistry name please-upgrade-node
133 silly mapToRegistry using default registry
134 silly mapToRegistry registry https://registry.npmjs.org/
135 silly mapToRegistry uri https://registry.npmjs.org/please-upgrade-node
136 silly fetchNamedPackageData pluralize
137 silly mapToRegistry name pluralize
138 silly mapToRegistry using default registry
139 silly mapToRegistry registry https://registry.npmjs.org/
140 silly mapToRegistry uri https://registry.npmjs.org/pluralize
141 silly fetchNamedPackageData server-destroy
142 silly mapToRegistry name server-destroy
143 silly mapToRegistry using default registry
144 silly mapToRegistry registry https://registry.npmjs.org/
145 silly mapToRegistry uri https://registry.npmjs.org/server-destroy
146 silly fetchNamedPackageData update-notifier
147 silly mapToRegistry name update-notifier
148 silly mapToRegistry using default registry
149 silly mapToRegistry registry https://registry.npmjs.org/
150 silly mapToRegistry uri https://registry.npmjs.org/update-notifier
151 silly fetchNamedPackageData yargs
152 silly mapToRegistry name yargs
153 silly mapToRegistry using default registry
154 silly mapToRegistry registry https://registry.npmjs.org/
155 silly mapToRegistry uri https://registry.npmjs.org/yargs
156 verbose request uri https://registry.npmjs.org/connect-pause
157 verbose request no auth needed
158 info attempt registry request try #1 at 08:48:03
159 verbose etag W/"fa3a284edf3072f31af69939e9dbd171"
160 verbose lastModified Sat, 26 May 2018 20:44:19 GMT
161 http request GET https://registry.npmjs.org/connect-pause
162 verbose request uri https://registry.npmjs.org/compression
163 verbose request no auth needed
164 info attempt registry request try #1 at 08:48:03
165 verbose etag W/"f7d2ad9a2b003e80b56c8f5722459a23"
166 verbose lastModified Sat, 21 Sep 2019 18:45:08 GMT
167 http request GET https://registry.npmjs.org/compression
168 verbose request uri https://registry.npmjs.org/chalk
169 verbose request no auth needed
170 info attempt registry request try #1 at 08:48:03
171 verbose etag W/"540465cb61ba8c9ba68fdcc3f2393aef"
172 verbose lastModified Mon, 31 May 2021 18:54:53 GMT
173 http request GET https://registry.npmjs.org/chalk
174 verbose request uri https://registry.npmjs.org/body-parser
175 verbose request no auth needed
176 info attempt registry request try #1 at 08:48:03
177 verbose etag W/"69165633b8917311c8a5b29b5aa3a438"
178 verbose lastModified Fri, 29 Nov 2019 09:32:45 GMT
179 http request GET https://registry.npmjs.org/body-parser
180 verbose request uri https://registry.npmjs.org/cors
181 verbose request no auth needed
182 info attempt registry request try #1 at 08:48:03
183 verbose etag W/"85e94e318b6208a5217c4f2dd1c686f7"
184 verbose lastModified Tue, 18 May 2021 17:15:01 GMT
185 http request GET https://registry.npmjs.org/cors
186 verbose request uri https://registry.npmjs.org/errorhandler
187 verbose request no auth needed
188 info attempt registry request try #1 at 08:48:03
189 verbose etag W/"7cb03acd961b28a432a4e8d8d70a568d"
190 verbose lastModified Wed, 19 Jun 2019 19:46:20 GMT
191 http request GET https://registry.npmjs.org/errorhandler
192 verbose request uri https://registry.npmjs.org/express
193 verbose request no auth needed
194 info attempt registry request try #1 at 08:48:03
195 verbose etag W/"a47ff3c035b18e4283d3ca6ff0bc96bb"
196 verbose lastModified Wed, 09 Jun 2021 22:41:01 GMT
197 http request GET https://registry.npmjs.org/express
198 verbose request uri https://registry.npmjs.org/express-urlrewrite
199 verbose request no auth needed
200 info attempt registry request try #1 at 08:48:03
201 verbose etag W/"f04903e360170d6dd9011991e5939a11"
202 verbose lastModified Fri, 18 Dec 2020 07:47:10 GMT
203 http request GET https://registry.npmjs.org/express-urlrewrite
204 verbose request uri https://registry.npmjs.org/json-parse-helpfulerror
205 verbose request no auth needed
206 info attempt registry request try #1 at 08:48:03
207 verbose etag W/"185e5fdcd54d038e89a7140a396d4cbd"
208 verbose lastModified Sun, 27 May 2018 05:39:58 GMT
209 http request GET https://registry.npmjs.org/json-parse-helpfulerror
210 verbose request uri https://registry.npmjs.org/lodash
211 verbose request no auth needed
212 info attempt registry request try #1 at 08:48:03
213 verbose etag W/"2a7211c8e0e3a1ef5c877cd340f3ae70"
214 verbose lastModified Mon, 10 May 2021 02:21:21 GMT
215 http request GET https://registry.npmjs.org/lodash
216 verbose request uri https://registry.npmjs.org/lodash-id
217 verbose request no auth needed
218 info attempt registry request try #1 at 08:48:03
219 verbose etag W/"fab66d8979f89de1099ee9ffad86ef41"
220 verbose lastModified Wed, 09 Jun 2021 02:49:17 GMT
221 http request GET https://registry.npmjs.org/lodash-id
222 verbose request uri https://registry.npmjs.org/lowdb
223 verbose request no auth needed
224 info attempt registry request try #1 at 08:48:04
225 verbose etag W/"d7a9b5e376c86d3ccd3594e5653dce00"
226 verbose lastModified Mon, 24 May 2021 11:02:30 GMT
227 http request GET https://registry.npmjs.org/lowdb
228 verbose request uri https://registry.npmjs.org/method-override
229 verbose request no auth needed
230 info attempt registry request try #1 at 08:48:04
231 verbose etag W/"822ef766bf6db56adc2492f68a760e49"
232 verbose lastModified Wed, 19 Jun 2019 19:46:42 GMT
233 http request GET https://registry.npmjs.org/method-override
234 verbose request uri https://registry.npmjs.org/morgan
235 verbose request no auth needed
236 info attempt registry request try #1 at 08:48:04
237 verbose etag W/"f426cc89ff0a3e18d6a5f0ce7c52378e"
238 verbose lastModified Sun, 12 Jul 2020 14:11:04 GMT
239 http request GET https://registry.npmjs.org/morgan
240 verbose request uri https://registry.npmjs.org/nanoid
241 verbose request no auth needed
242 info attempt registry request try #1 at 08:48:04
243 verbose etag W/"50c89387196f2f2099d8744781e831d0"
244 verbose lastModified Mon, 10 May 2021 19:08:29 GMT
245 http request GET https://registry.npmjs.org/nanoid
246 verbose request uri https://registry.npmjs.org/please-upgrade-node
247 verbose request no auth needed
248 info attempt registry request try #1 at 08:48:04
249 verbose etag W/"6645529e56c3966dd1c6c8430a6f2d7c"
250 verbose lastModified Thu, 08 Aug 2019 12:06:58 GMT
251 http request GET https://registry.npmjs.org/please-upgrade-node
252 verbose request uri https://registry.npmjs.org/server-destroy
253 verbose request no auth needed
254 info attempt registry request try #1 at 08:48:04
255 verbose etag W/"1fe3c29d2b8c9ee40cb851304a8a5ab3"
256 verbose lastModified Sun, 27 May 2018 17:01:54 GMT
257 http request GET https://registry.npmjs.org/server-destroy
258 verbose request uri https://registry.npmjs.org/update-notifier
259 verbose request no auth needed
260 info attempt registry request try #1 at 08:48:04
261 verbose etag W/"c7857952452880c2ad9b97ea3d45d802"
262 verbose lastModified Thu, 11 Feb 2021 00:49:20 GMT
263 http request GET https://registry.npmjs.org/update-notifier
264 verbose request uri https://registry.npmjs.org/yargs
265 verbose request no auth needed
266 info attempt registry request try #1 at 08:48:04
267 verbose etag W/"fb618b4373642969b833551dc8b92d34"
268 verbose lastModified Mon, 03 May 2021 23:57:26 GMT
269 http request GET https://registry.npmjs.org/yargs
270 verbose request uri https://registry.npmjs.org/pluralize
271 verbose request no auth needed
272 info attempt registry request try #1 at 08:48:04
273 verbose etag W/"ad7d652cf47687e8c02d7f6de5d5fa68"
274 verbose lastModified Sat, 25 May 2019 05:07:02 GMT
275 http request GET https://registry.npmjs.org/pluralize
276 http 304 https://registry.npmjs.org/connect-pause
277 verbose headers { date: 'Tue, 15 Jun 2021 06:48:04 GMT',
277 verbose headers   connection: 'keep-alive',
277 verbose headers   'cf-ray': '65f9d9c0f8530893-CDG',
277 verbose headers   age: '3262',
277 verbose headers   'cache-control': 'public, max-age=300',
277 verbose headers   etag: '"fa3a284edf3072f31af69939e9dbd171"',
277 verbose headers   'last-modified': 'Sat, 26 May 2018 20:44:19 GMT',
277 verbose headers   vary: 'Accept-Encoding',
277 verbose headers   'cf-cache-status': 'HIT',
277 verbose headers   'cf-request-id': '0ab0066c9f00000893852c1000000001',
277 verbose headers   'expect-ct': 'max-age=604800, report-uri="https://report-uri.cloudflare.com/cdn-cgi/beacon/expect-ct"',
277 verbose headers   server: 'cloudflare' }
278 silly get cb [ 304,
278 silly get   { date: 'Tue, 15 Jun 2021 06:48:04 GMT',
278 silly get     connection: 'keep-alive',
278 silly get     'cf-ray': '65f9d9c0f8530893-CDG',
278 silly get     age: '3262',
278 silly get     'cache-control': 'public, max-age=300',
278 silly get     etag: '"fa3a284edf3072f31af69939e9dbd171"',
278 silly get     'last-modified': 'Sat, 26 May 2018 20:44:19 GMT',
278 silly get     vary: 'Accept-Encoding',
278 silly get     'cf-cache-status': 'HIT',
278 silly get     'cf-request-id': '0ab0066c9f00000893852c1000000001',
278 silly get     'expect-ct': 'max-age=604800, report-uri="https://report-uri.cloudflare.com/cdn-cgi/beacon/expect-ct"',
278 silly get     server: 'cloudflare' } ]
279 verbose etag https://registry.npmjs.org/connect-pause from cache
280 verbose get saving connect-pause to /home/sylvain/.npm/registry.npmjs.org/connect-pause/.cache.json
281 silly resolveWithNewModule connect-pause@0.1.1 checking installable status
282 silly cache add args [ 'connect-pause@^0.1.1', null ]
283 verbose cache add spec connect-pause@^0.1.1
284 silly cache add parsed spec Result {
284 silly cache add   raw: 'connect-pause@^0.1.1',
284 silly cache add   scope: null,
284 silly cache add   name: 'connect-pause',
284 silly cache add   rawSpec: '^0.1.1',
284 silly cache add   spec: '>=0.1.1 <0.2.0',
284 silly cache add   type: 'range' }
285 silly addNamed connect-pause@>=0.1.1 <0.2.0
286 verbose addNamed ">=0.1.1 <0.2.0" is a valid semver range for connect-pause
287 silly addNameRange { name: 'connect-pause',
287 silly addNameRange   range: '>=0.1.1 <0.2.0',
287 silly addNameRange   hasData: false }
288 silly mapToRegistry name connect-pause
289 silly mapToRegistry using default registry
290 silly mapToRegistry registry https://registry.npmjs.org/
291 silly mapToRegistry uri https://registry.npmjs.org/connect-pause
292 verbose addNameRange registry:https://registry.npmjs.org/connect-pause not in flight; fetching
293 verbose get https://registry.npmjs.org/connect-pause not expired, no request
294 silly addNameRange number 2 { name: 'connect-pause', range: '>=0.1.1 <0.2.0', hasData: true }
295 silly addNameRange versions [ 'connect-pause', [ '0.1.1', '0.1.0' ] ]
296 silly addNamed connect-pause@0.1.1
297 verbose addNamed "0.1.1" is a plain semver version for connect-pause
298 silly cache afterAdd connect-pause@0.1.1
299 verbose afterAdd /home/sylvain/.npm/connect-pause/0.1.1/package/package.json not in flight; writing
300 verbose afterAdd /home/sylvain/.npm/connect-pause/0.1.1/package/package.json written
301 http 304 https://registry.npmjs.org/update-notifier
302 verbose headers { date: 'Tue, 15 Jun 2021 06:48:04 GMT',
302 verbose headers   connection: 'keep-alive',
302 verbose headers   'cf-ray': '65f9d9c158f30893-CDG',
302 verbose headers   age: '4726',
302 verbose headers   'cache-control': 'public, max-age=300',
302 verbose headers   etag: '"c7857952452880c2ad9b97ea3d45d802"',
302 verbose headers   'last-modified': 'Thu, 11 Feb 2021 00:49:20 GMT',
302 verbose headers   vary: 'Accept-Encoding',
302 verbose headers   'cf-cache-status': 'HIT',
302 verbose headers   'cf-request-id': '0ab0066cd4000008935389d000000001',
302 verbose headers   'expect-ct': 'max-age=604800, report-uri="https://report-uri.cloudflare.com/cdn-cgi/beacon/expect-ct"',
302 verbose headers   server: 'cloudflare' }
303 silly get cb [ 304,
303 silly get   { date: 'Tue, 15 Jun 2021 06:48:04 GMT',
303 silly get     connection: 'keep-alive',
303 silly get     'cf-ray': '65f9d9c158f30893-CDG',
303 silly get     age: '4726',
303 silly get     'cache-control': 'public, max-age=300',
303 silly get     etag: '"c7857952452880c2ad9b97ea3d45d802"',
303 silly get     'last-modified': 'Thu, 11 Feb 2021 00:49:20 GMT',
303 silly get     vary: 'Accept-Encoding',
303 silly get     'cf-cache-status': 'HIT',
303 silly get     'cf-request-id': '0ab0066cd4000008935389d000000001',
303 silly get     'expect-ct': 'max-age=604800, report-uri="https://report-uri.cloudflare.com/cdn-cgi/beacon/expect-ct"',
303 silly get     server: 'cloudflare' } ]
304 verbose etag https://registry.npmjs.org/update-notifier from cache
305 verbose get saving update-notifier to /home/sylvain/.npm/registry.npmjs.org/update-notifier/.cache.json
306 silly resolveWithNewModule update-notifier@5.1.0 checking installable status
307 silly cache add args [ 'update-notifier@^5.0.1', null ]
308 verbose cache add spec update-notifier@^5.0.1
309 silly cache add parsed spec Result {
309 silly cache add   raw: 'update-notifier@^5.0.1',
309 silly cache add   scope: null,
309 silly cache add   name: 'update-notifier',
309 silly cache add   rawSpec: '^5.0.1',
309 silly cache add   spec: '>=5.0.1 <6.0.0',
309 silly cache add   type: 'range' }
310 silly addNamed update-notifier@>=5.0.1 <6.0.0
311 verbose addNamed ">=5.0.1 <6.0.0" is a valid semver range for update-notifier
312 silly addNameRange { name: 'update-notifier',
312 silly addNameRange   range: '>=5.0.1 <6.0.0',
312 silly addNameRange   hasData: false }
313 silly mapToRegistry name update-notifier
314 silly mapToRegistry using default registry
315 silly mapToRegistry registry https://registry.npmjs.org/
316 silly mapToRegistry uri https://registry.npmjs.org/update-notifier
317 verbose addNameRange registry:https://registry.npmjs.org/update-notifier not in flight; fetching
318 verbose get https://registry.npmjs.org/update-notifier not expired, no request
319 silly addNameRange number 2 { name: 'update-notifier',
319 silly addNameRange   range: '>=5.0.1 <6.0.0',
319 silly addNameRange   hasData: true }
320 silly addNameRange versions [ 'update-notifier',
320 silly addNameRange   [ '0.1.0',
320 silly addNameRange     '0.1.1',
320 silly addNameRange     '0.1.2',
320 silly addNameRange     '0.1.3',
320 silly addNameRange     '0.1.4',
320 silly addNameRange     '0.1.5',
320 silly addNameRange     '0.1.6',
320 silly addNameRange     '0.1.7',
320 silly addNameRange     '0.1.8',
320 silly addNameRange     '0.1.9',
320 silly addNameRange     '0.1.10',
320 silly addNameRange     '0.2.0',
320 silly addNameRange     '0.2.1',
320 silly addNameRange     '0.2.2',
320 silly addNameRange     '0.3.0',
320 silly addNameRange     '0.3.1',
320 silly addNameRange     '0.3.2',
320 silly addNameRange     '0.4.0',
320 silly addNameRange     '0.5.0',
320 silly addNameRange     '0.6.0',
320 silly addNameRange     '0.6.1',
320 silly addNameRange     '0.6.2',
320 silly addNameRange     '0.6.3',
320 silly addNameRange     '0.7.0',
320 silly addNameRange     '1.0.0',
320 silly addNameRange     '1.0.1',
320 silly addNameRange     '1.0.2',
320 silly addNameRange     '1.0.3',
320 silly addNameRange     '2.0.0',
320 silly addNameRange     '2.1.0',
320 silly addNameRange     '2.2.0',
320 silly addNameRange     '2.3.0',
320 silly addNameRange     '2.4.0',
320 silly addNameRange     '2.5.0',
320 silly addNameRange     '3.0.0',
320 silly addNameRange     '3.0.1',
320 silly addNameRange     '4.0.0',
320 silly addNameRange     '4.1.0',
320 silly addNameRange     '4.1.1',
320 silly addNameRange     '4.1.2',
320 silly addNameRange     '4.1.3',
320 silly addNameRange     '5.0.0',
320 silly addNameRange     '5.0.1',
320 silly addNameRange     '5.1.0' ] ]
321 silly addNamed update-notifier@5.1.0
322 verbose addNamed "5.1.0" is a plain semver version for update-notifier
323 silly cache afterAdd update-notifier@5.1.0
324 verbose afterAdd /home/sylvain/.npm/update-notifier/5.1.0/package/package.json not in flight; writing
325 verbose afterAdd /home/sylvain/.npm/update-notifier/5.1.0/package/package.json written
326 http 304 https://registry.npmjs.org/chalk
327 verbose headers { date: 'Tue, 15 Jun 2021 06:48:04 GMT',
327 verbose headers   connection: 'keep-alive',
327 verbose headers   'cf-ray': '65f9d9c18f9a08ab-CDG',
327 verbose headers   age: '4642',
327 verbose headers   'cache-control': 'public, max-age=300',
327 verbose headers   etag: '"540465cb61ba8c9ba68fdcc3f2393aef"',
327 verbose headers   'last-modified': 'Mon, 31 May 2021 18:54:53 GMT',
327 verbose headers   vary: 'Accept-Encoding',
327 verbose headers   'cf-cache-status': 'HIT',
327 verbose headers   'cf-request-id': '0ab0066cf4000008ab1bac0000000001',
327 verbose headers   'expect-ct': 'max-age=604800, report-uri="https://report-uri.cloudflare.com/cdn-cgi/beacon/expect-ct"',
327 verbose headers   server: 'cloudflare' }
328 silly get cb [ 304,
328 silly get   { date: 'Tue, 15 Jun 2021 06:48:04 GMT',
328 silly get     connection: 'keep-alive',
328 silly get     'cf-ray': '65f9d9c18f9a08ab-CDG',
328 silly get     age: '4642',
328 silly get     'cache-control': 'public, max-age=300',
328 silly get     etag: '"540465cb61ba8c9ba68fdcc3f2393aef"',
328 silly get     'last-modified': 'Mon, 31 May 2021 18:54:53 GMT',
328 silly get     vary: 'Accept-Encoding',
328 silly get     'cf-cache-status': 'HIT',
328 silly get     'cf-request-id': '0ab0066cf4000008ab1bac0000000001',
328 silly get     'expect-ct': 'max-age=604800, report-uri="https://report-uri.cloudflare.com/cdn-cgi/beacon/expect-ct"',
328 silly get     server: 'cloudflare' } ]
329 verbose etag https://registry.npmjs.org/chalk from cache
330 verbose get saving chalk to /home/sylvain/.npm/registry.npmjs.org/chalk/.cache.json
331 http 304 https://registry.npmjs.org/cors
332 verbose headers { date: 'Tue, 15 Jun 2021 06:48:04 GMT',
332 verbose headers   connection: 'keep-alive',
332 verbose headers   'cf-ray': '65f9d9c18dc4ee23-CDG',
332 verbose headers   age: '4761',
332 verbose headers   'cache-control': 'public, max-age=300',
332 verbose headers   etag: '"85e94e318b6208a5217c4f2dd1c686f7"',
332 verbose headers   'last-modified': 'Tue, 18 May 2021 17:15:01 GMT',
332 verbose headers   vary: 'Accept-Encoding',
332 verbose headers   'cf-cache-status': 'HIT',
332 verbose headers   'cf-request-id': '0ab0066cf90000ee2352032000000001',
332 verbose headers   'expect-ct': 'max-age=604800, report-uri="https://report-uri.cloudflare.com/cdn-cgi/beacon/expect-ct"',
332 verbose headers   server: 'cloudflare' }
333 silly get cb [ 304,
333 silly get   { date: 'Tue, 15 Jun 2021 06:48:04 GMT',
333 silly get     connection: 'keep-alive',
333 silly get     'cf-ray': '65f9d9c18dc4ee23-CDG',
333 silly get     age: '4761',
333 silly get     'cache-control': 'public, max-age=300',
333 silly get     etag: '"85e94e318b6208a5217c4f2dd1c686f7"',
333 silly get     'last-modified': 'Tue, 18 May 2021 17:15:01 GMT',
333 silly get     vary: 'Accept-Encoding',
333 silly get     'cf-cache-status': 'HIT',
333 silly get     'cf-request-id': '0ab0066cf90000ee2352032000000001',
333 silly get     'expect-ct': 'max-age=604800, report-uri="https://report-uri.cloudflare.com/cdn-cgi/beacon/expect-ct"',
333 silly get     server: 'cloudflare' } ]
334 verbose etag https://registry.npmjs.org/cors from cache
335 verbose get saving cors to /home/sylvain/.npm/registry.npmjs.org/cors/.cache.json
336 http 304 https://registry.npmjs.org/errorhandler
337 verbose headers { date: 'Tue, 15 Jun 2021 06:48:04 GMT',
337 verbose headers   connection: 'keep-alive',
337 verbose headers   'cf-ray': '65f9d9c19e1a3319-CDG',
337 verbose headers   age: '5316',
337 verbose headers   'cache-control': 'public, max-age=300',
337 verbose headers   etag: '"7cb03acd961b28a432a4e8d8d70a568d"',
337 verbose headers   'last-modified': 'Wed, 19 Jun 2019 19:46:20 GMT',
337 verbose headers   vary: 'Accept-Encoding',
337 verbose headers   'cf-cache-status': 'HIT',
337 verbose headers   'cf-request-id': '0ab0066cfb00003319f58c2000000001',
337 verbose headers   'expect-ct': 'max-age=604800, report-uri="https://report-uri.cloudflare.com/cdn-cgi/beacon/expect-ct"',
337 verbose headers   server: 'cloudflare' }
338 silly get cb [ 304,
338 silly get   { date: 'Tue, 15 Jun 2021 06:48:04 GMT',
338 silly get     connection: 'keep-alive',
338 silly get     'cf-ray': '65f9d9c19e1a3319-CDG',
338 silly get     age: '5316',
338 silly get     'cache-control': 'public, max-age=300',
338 silly get     etag: '"7cb03acd961b28a432a4e8d8d70a568d"',
338 silly get     'last-modified': 'Wed, 19 Jun 2019 19:46:20 GMT',
338 silly get     vary: 'Accept-Encoding',
338 silly get     'cf-cache-status': 'HIT',
338 silly get     'cf-request-id': '0ab0066cfb00003319f58c2000000001',
338 silly get     'expect-ct': 'max-age=604800, report-uri="https://report-uri.cloudflare.com/cdn-cgi/beacon/expect-ct"',
338 silly get     server: 'cloudflare' } ]
339 verbose etag https://registry.npmjs.org/errorhandler from cache
340 verbose get saving errorhandler to /home/sylvain/.npm/registry.npmjs.org/errorhandler/.cache.json
341 http 304 https://registry.npmjs.org/lowdb
342 verbose headers { date: 'Tue, 15 Jun 2021 06:48:04 GMT',
342 verbose headers   connection: 'keep-alive',
342 verbose headers   'cf-ray': '65f9d9c19c6432c8-CDG',
342 verbose headers   age: '6820',
342 verbose headers   'cache-control': 'public, max-age=300',
342 verbose headers   etag: '"d7a9b5e376c86d3ccd3594e5653dce00"',
342 verbose headers   'last-modified': 'Mon, 24 May 2021 11:02:30 GMT',
342 verbose headers   vary: 'Accept-Encoding',
342 verbose headers   'cf-cache-status': 'HIT',
342 verbose headers   'cf-request-id': '0ab0066cfe000032c84425d000000001',
342 verbose headers   'expect-ct': 'max-age=604800, report-uri="https://report-uri.cloudflare.com/cdn-cgi/beacon/expect-ct"',
342 verbose headers   server: 'cloudflare' }
343 silly get cb [ 304,
343 silly get   { date: 'Tue, 15 Jun 2021 06:48:04 GMT',
343 silly get     connection: 'keep-alive',
343 silly get     'cf-ray': '65f9d9c19c6432c8-CDG',
343 silly get     age: '6820',
343 silly get     'cache-control': 'public, max-age=300',
343 silly get     etag: '"d7a9b5e376c86d3ccd3594e5653dce00"',
343 silly get     'last-modified': 'Mon, 24 May 2021 11:02:30 GMT',
343 silly get     vary: 'Accept-Encoding',
343 silly get     'cf-cache-status': 'HIT',
343 silly get     'cf-request-id': '0ab0066cfe000032c84425d000000001',
343 silly get     'expect-ct': 'max-age=604800, report-uri="https://report-uri.cloudflare.com/cdn-cgi/beacon/expect-ct"',
343 silly get     server: 'cloudflare' } ]
344 verbose etag https://registry.npmjs.org/lowdb from cache
345 verbose get saving lowdb to /home/sylvain/.npm/registry.npmjs.org/lowdb/.cache.json
346 silly resolveWithNewModule chalk@4.1.1 checking installable status
347 silly cache add args [ 'chalk@^4.1.0', null ]
348 verbose cache add spec chalk@^4.1.0
349 silly cache add parsed spec Result {
349 silly cache add   raw: 'chalk@^4.1.0',
349 silly cache add   scope: null,
349 silly cache add   name: 'chalk',
349 silly cache add   rawSpec: '^4.1.0',
349 silly cache add   spec: '>=4.1.0 <5.0.0',
349 silly cache add   type: 'range' }
350 silly addNamed chalk@>=4.1.0 <5.0.0
351 verbose addNamed ">=4.1.0 <5.0.0" is a valid semver range for chalk
352 silly addNameRange { name: 'chalk', range: '>=4.1.0 <5.0.0', hasData: false }
353 silly mapToRegistry name chalk
354 silly mapToRegistry using default registry
355 silly mapToRegistry registry https://registry.npmjs.org/
356 silly mapToRegistry uri https://registry.npmjs.org/chalk
357 verbose addNameRange registry:https://registry.npmjs.org/chalk not in flight; fetching
358 silly resolveWithNewModule cors@2.8.5 checking installable status
359 silly cache add args [ 'cors@^2.8.5', null ]
360 verbose cache add spec cors@^2.8.5
361 silly cache add parsed spec Result {
361 silly cache add   raw: 'cors@^2.8.5',
361 silly cache add   scope: null,
361 silly cache add   name: 'cors',
361 silly cache add   rawSpec: '^2.8.5',
361 silly cache add   spec: '>=2.8.5 <3.0.0',
361 silly cache add   type: 'range' }
362 silly addNamed cors@>=2.8.5 <3.0.0
363 verbose addNamed ">=2.8.5 <3.0.0" is a valid semver range for cors
364 silly addNameRange { name: 'cors', range: '>=2.8.5 <3.0.0', hasData: false }
365 silly mapToRegistry name cors
366 silly mapToRegistry using default registry
367 silly mapToRegistry registry https://registry.npmjs.org/
368 silly mapToRegistry uri https://registry.npmjs.org/cors
369 verbose addNameRange registry:https://registry.npmjs.org/cors not in flight; fetching
370 http 304 https://registry.npmjs.org/express
371 verbose headers { date: 'Tue, 15 Jun 2021 06:48:04 GMT',
371 verbose headers   connection: 'keep-alive',
371 verbose headers   'cf-ray': '65f9d9c19a320493-CDG',
371 verbose headers   age: '2652',
371 verbose headers   'cache-control': 'public, max-age=300',
371 verbose headers   etag: '"a47ff3c035b18e4283d3ca6ff0bc96bb"',
371 verbose headers   'last-modified': 'Wed, 09 Jun 2021 22:41:01 GMT',
371 verbose headers   vary: 'Accept-Encoding',
371 verbose headers   'cf-cache-status': 'HIT',
371 verbose headers   'cf-request-id': '0ab0066cfe0000049385b83000000001',
371 verbose headers   'expect-ct': 'max-age=604800, report-uri="https://report-uri.cloudflare.com/cdn-cgi/beacon/expect-ct"',
371 verbose headers   server: 'cloudflare' }
372 silly get cb [ 304,
372 silly get   { date: 'Tue, 15 Jun 2021 06:48:04 GMT',
372 silly get     connection: 'keep-alive',
372 silly get     'cf-ray': '65f9d9c19a320493-CDG',
372 silly get     age: '2652',
372 silly get     'cache-control': 'public, max-age=300',
372 silly get     etag: '"a47ff3c035b18e4283d3ca6ff0bc96bb"',
372 silly get     'last-modified': 'Wed, 09 Jun 2021 22:41:01 GMT',
372 silly get     vary: 'Accept-Encoding',
372 silly get     'cf-cache-status': 'HIT',
372 silly get     'cf-request-id': '0ab0066cfe0000049385b83000000001',
372 silly get     'expect-ct': 'max-age=604800, report-uri="https://report-uri.cloudflare.com/cdn-cgi/beacon/expect-ct"',
372 silly get     server: 'cloudflare' } ]
373 verbose etag https://registry.npmjs.org/express from cache
374 verbose get saving express to /home/sylvain/.npm/registry.npmjs.org/express/.cache.json
375 http 304 https://registry.npmjs.org/express-urlrewrite
376 verbose headers { date: 'Tue, 15 Jun 2021 06:48:04 GMT',
376 verbose headers   connection: 'keep-alive',
376 verbose headers   'cf-ray': '65f9d9c18da4a873-CDG',
376 verbose headers   age: '1523',
376 verbose headers   'cache-control': 'public, max-age=300',
376 verbose headers   etag: '"f04903e360170d6dd9011991e5939a11"',
376 verbose headers   'last-modified': 'Fri, 18 Dec 2020 07:47:10 GMT',
376 verbose headers   vary: 'Accept-Encoding',
376 verbose headers   'cf-cache-status': 'HIT',
376 verbose headers   'cf-request-id': '0ab0066cf90000a873bebb2000000001',
376 verbose headers   'expect-ct': 'max-age=604800, report-uri="https://report-uri.cloudflare.com/cdn-cgi/beacon/expect-ct"',
376 verbose headers   server: 'cloudflare' }
377 silly get cb [ 304,
377 silly get   { date: 'Tue, 15 Jun 2021 06:48:04 GMT',
377 silly get     connection: 'keep-alive',
377 silly get     'cf-ray': '65f9d9c18da4a873-CDG',
377 silly get     age: '1523',
377 silly get     'cache-control': 'public, max-age=300',
377 silly get     etag: '"f04903e360170d6dd9011991e5939a11"',
377 silly get     'last-modified': 'Fri, 18 Dec 2020 07:47:10 GMT',
377 silly get     vary: 'Accept-Encoding',
377 silly get     'cf-cache-status': 'HIT',
377 silly get     'cf-request-id': '0ab0066cf90000a873bebb2000000001',
377 silly get     'expect-ct': 'max-age=604800, report-uri="https://report-uri.cloudflare.com/cdn-cgi/beacon/expect-ct"',
377 silly get     server: 'cloudflare' } ]
378 verbose etag https://registry.npmjs.org/express-urlrewrite from cache
379 verbose get saving express-urlrewrite to /home/sylvain/.npm/registry.npmjs.org/express-urlrewrite/.cache.json
380 http 304 https://registry.npmjs.org/please-upgrade-node
381 verbose headers { date: 'Tue, 15 Jun 2021 06:48:04 GMT',
381 verbose headers   connection: 'keep-alive',
381 verbose headers   'cf-ray': '65f9d9c19ea8bd5e-CDG',
381 verbose headers   age: '383',
381 verbose headers   'cache-control': 'public, max-age=300',
381 verbose headers   etag: '"6645529e56c3966dd1c6c8430a6f2d7c"',
381 verbose headers   'last-modified': 'Thu, 08 Aug 2019 12:06:58 GMT',
381 verbose headers   vary: 'Accept-Encoding',
381 verbose headers   'cf-cache-status': 'HIT',
381 verbose headers   'cf-request-id': '0ab0066d000000bd5ed4104000000001',
381 verbose headers   'expect-ct': 'max-age=604800, report-uri="https://report-uri.cloudflare.com/cdn-cgi/beacon/expect-ct"',
381 verbose headers   server: 'cloudflare' }
382 silly get cb [ 304,
382 silly get   { date: 'Tue, 15 Jun 2021 06:48:04 GMT',
382 silly get     connection: 'keep-alive',
382 silly get     'cf-ray': '65f9d9c19ea8bd5e-CDG',
382 silly get     age: '383',
382 silly get     'cache-control': 'public, max-age=300',
382 silly get     etag: '"6645529e56c3966dd1c6c8430a6f2d7c"',
382 silly get     'last-modified': 'Thu, 08 Aug 2019 12:06:58 GMT',
382 silly get     vary: 'Accept-Encoding',
382 silly get     'cf-cache-status': 'HIT',
382 silly get     'cf-request-id': '0ab0066d000000bd5ed4104000000001',
382 silly get     'expect-ct': 'max-age=604800, report-uri="https://report-uri.cloudflare.com/cdn-cgi/beacon/expect-ct"',
382 silly get     server: 'cloudflare' } ]
383 verbose etag https://registry.npmjs.org/please-upgrade-node from cache
384 verbose get saving please-upgrade-node to /home/sylvain/.npm/registry.npmjs.org/please-upgrade-node/.cache.json
385 http 304 https://registry.npmjs.org/pluralize
386 verbose headers { date: 'Tue, 15 Jun 2021 06:48:04 GMT',
386 verbose headers   connection: 'keep-alive',
386 verbose headers   'cf-ray': '65f9d9c19c270853-CDG',
386 verbose headers   age: '3863',
386 verbose headers   'cache-control': 'public, max-age=300',
386 verbose headers   etag: '"ad7d652cf47687e8c02d7f6de5d5fa68"',
386 verbose headers   'last-modified': 'Sat, 25 May 2019 05:07:02 GMT',
386 verbose headers   vary: 'Accept-Encoding',
386 verbose headers   'cf-cache-status': 'HIT',
386 verbose headers   'cf-request-id': '0ab0066d01000008530b9fe000000001',
386 verbose headers   'expect-ct': 'max-age=604800, report-uri="https://report-uri.cloudflare.com/cdn-cgi/beacon/expect-ct"',
386 verbose headers   server: 'cloudflare' }
387 silly get cb [ 304,
387 silly get   { date: 'Tue, 15 Jun 2021 06:48:04 GMT',
387 silly get     connection: 'keep-alive',
387 silly get     'cf-ray': '65f9d9c19c270853-CDG',
387 silly get     age: '3863',
387 silly get     'cache-control': 'public, max-age=300',
387 silly get     etag: '"ad7d652cf47687e8c02d7f6de5d5fa68"',
387 silly get     'last-modified': 'Sat, 25 May 2019 05:07:02 GMT',
387 silly get     vary: 'Accept-Encoding',
387 silly get     'cf-cache-status': 'HIT',
387 silly get     'cf-request-id': '0ab0066d01000008530b9fe000000001',
387 silly get     'expect-ct': 'max-age=604800, report-uri="https://report-uri.cloudflare.com/cdn-cgi/beacon/expect-ct"',
387 silly get     server: 'cloudflare' } ]
388 verbose etag https://registry.npmjs.org/pluralize from cache
389 verbose get saving pluralize to /home/sylvain/.npm/registry.npmjs.org/pluralize/.cache.json
390 http 304 https://registry.npmjs.org/server-destroy
391 verbose headers { date: 'Tue, 15 Jun 2021 06:48:04 GMT',
391 verbose headers   connection: 'keep-alive',
391 verbose headers   'cf-ray': '65f9d9c19d7c68d6-CDG',
391 verbose headers   age: '1077',
391 verbose headers   'cache-control': 'public, max-age=300',
391 verbose headers   etag: '"1fe3c29d2b8c9ee40cb851304a8a5ab3"',
391 verbose headers   'last-modified': 'Sun, 27 May 2018 17:01:54 GMT',
391 verbose headers   vary: 'Accept-Encoding',
391 verbose headers   'cf-cache-status': 'HIT',
391 verbose headers   'cf-request-id': '0ab0066cff000068d6a72c1000000001',
391 verbose headers   'expect-ct': 'max-age=604800, report-uri="https://report-uri.cloudflare.com/cdn-cgi/beacon/expect-ct"',
391 verbose headers   server: 'cloudflare' }
392 silly get cb [ 304,
392 silly get   { date: 'Tue, 15 Jun 2021 06:48:04 GMT',
392 silly get     connection: 'keep-alive',
392 silly get     'cf-ray': '65f9d9c19d7c68d6-CDG',
392 silly get     age: '1077',
392 silly get     'cache-control': 'public, max-age=300',
392 silly get     etag: '"1fe3c29d2b8c9ee40cb851304a8a5ab3"',
392 silly get     'last-modified': 'Sun, 27 May 2018 17:01:54 GMT',
392 silly get     vary: 'Accept-Encoding',
392 silly get     'cf-cache-status': 'HIT',
392 silly get     'cf-request-id': '0ab0066cff000068d6a72c1000000001',
392 silly get     'expect-ct': 'max-age=604800, report-uri="https://report-uri.cloudflare.com/cdn-cgi/beacon/expect-ct"',
392 silly get     server: 'cloudflare' } ]
393 verbose etag https://registry.npmjs.org/server-destroy from cache
394 verbose get saving server-destroy to /home/sylvain/.npm/registry.npmjs.org/server-destroy/.cache.json
395 http 304 https://registry.npmjs.org/json-parse-helpfulerror
396 verbose headers { date: 'Tue, 15 Jun 2021 06:48:04 GMT',
396 verbose headers   connection: 'keep-alive',
396 verbose headers   'cf-ray': '65f9d9c19f31b7b7-CDG',
396 verbose headers   age: '1602',
396 verbose headers   'cache-control': 'public, max-age=300',
396 verbose headers   etag: '"185e5fdcd54d038e89a7140a396d4cbd"',
396 verbose headers   'last-modified': 'Sun, 27 May 2018 05:39:58 GMT',
396 verbose headers   vary: 'Accept-Encoding',
396 verbose headers   'cf-cache-status': 'HIT',
396 verbose headers   'cf-request-id': '0ab0066cff0000b7b75e9a2000000001',
396 verbose headers   'expect-ct': 'max-age=604800, report-uri="https://report-uri.cloudflare.com/cdn-cgi/beacon/expect-ct"',
396 verbose headers   server: 'cloudflare' }
397 silly get cb [ 304,
397 silly get   { date: 'Tue, 15 Jun 2021 06:48:04 GMT',
397 silly get     connection: 'keep-alive',
397 silly get     'cf-ray': '65f9d9c19f31b7b7-CDG',
397 silly get     age: '1602',
397 silly get     'cache-control': 'public, max-age=300',
397 silly get     etag: '"185e5fdcd54d038e89a7140a396d4cbd"',
397 silly get     'last-modified': 'Sun, 27 May 2018 05:39:58 GMT',
397 silly get     vary: 'Accept-Encoding',
397 silly get     'cf-cache-status': 'HIT',
397 silly get     'cf-request-id': '0ab0066cff0000b7b75e9a2000000001',
397 silly get     'expect-ct': 'max-age=604800, report-uri="https://report-uri.cloudflare.com/cdn-cgi/beacon/expect-ct"',
397 silly get     server: 'cloudflare' } ]
398 verbose etag https://registry.npmjs.org/json-parse-helpfulerror from cache
399 verbose get saving json-parse-helpfulerror to /home/sylvain/.npm/registry.npmjs.org/json-parse-helpfulerror/.cache.json
400 silly resolveWithNewModule errorhandler@1.5.1 checking installable status
401 silly cache add args [ 'errorhandler@^1.5.1', null ]
402 verbose cache add spec errorhandler@^1.5.1
403 silly cache add parsed spec Result {
403 silly cache add   raw: 'errorhandler@^1.5.1',
403 silly cache add   scope: null,
403 silly cache add   name: 'errorhandler',
403 silly cache add   rawSpec: '^1.5.1',
403 silly cache add   spec: '>=1.5.1 <2.0.0',
403 silly cache add   type: 'range' }
404 silly addNamed errorhandler@>=1.5.1 <2.0.0
405 verbose addNamed ">=1.5.1 <2.0.0" is a valid semver range for errorhandler
406 silly addNameRange { name: 'errorhandler', range: '>=1.5.1 <2.0.0', hasData: false }
407 silly mapToRegistry name errorhandler
408 silly mapToRegistry using default registry
409 silly mapToRegistry registry https://registry.npmjs.org/
410 silly mapToRegistry uri https://registry.npmjs.org/errorhandler
411 verbose addNameRange registry:https://registry.npmjs.org/errorhandler not in flight; fetching
412 http 304 https://registry.npmjs.org/yargs
413 verbose headers { date: 'Tue, 15 Jun 2021 06:48:04 GMT',
413 verbose headers   connection: 'keep-alive',
413 verbose headers   'cf-ray': '65f9d9c1aad532b3-CDG',
413 verbose headers   age: '4948',
413 verbose headers   'cache-control': 'public, max-age=300',
413 verbose headers   etag: '"fb618b4373642969b833551dc8b92d34"',
413 verbose headers   'last-modified': 'Mon, 03 May 2021 23:57:26 GMT',
413 verbose headers   vary: 'Accept-Encoding',
413 verbose headers   'cf-cache-status': 'HIT',
413 verbose headers   'cf-request-id': '0ab0066d09000032b381baa000000001',
413 verbose headers   'expect-ct': 'max-age=604800, report-uri="https://report-uri.cloudflare.com/cdn-cgi/beacon/expect-ct"',
413 verbose headers   server: 'cloudflare' }
414 silly get cb [ 304,
414 silly get   { date: 'Tue, 15 Jun 2021 06:48:04 GMT',
414 silly get     connection: 'keep-alive',
414 silly get     'cf-ray': '65f9d9c1aad532b3-CDG',
414 silly get     age: '4948',
414 silly get     'cache-control': 'public, max-age=300',
414 silly get     etag: '"fb618b4373642969b833551dc8b92d34"',
414 silly get     'last-modified': 'Mon, 03 May 2021 23:57:26 GMT',
414 silly get     vary: 'Accept-Encoding',
414 silly get     'cf-cache-status': 'HIT',
414 silly get     'cf-request-id': '0ab0066d09000032b381baa000000001',
414 silly get     'expect-ct': 'max-age=604800, report-uri="https://report-uri.cloudflare.com/cdn-cgi/beacon/expect-ct"',
414 silly get     server: 'cloudflare' } ]
415 verbose etag https://registry.npmjs.org/yargs from cache
416 verbose get saving yargs to /home/sylvain/.npm/registry.npmjs.org/yargs/.cache.json
417 http 304 https://registry.npmjs.org/morgan
418 verbose headers { date: 'Tue, 15 Jun 2021 06:48:04 GMT',
418 verbose headers   connection: 'keep-alive',
418 verbose headers   'cf-ray': '65f9d9c1abe7ee8d-CDG',
418 verbose headers   age: '3766',
418 verbose headers   'cache-control': 'public, max-age=300',
418 verbose headers   etag: '"f426cc89ff0a3e18d6a5f0ce7c52378e"',
418 verbose headers   'last-modified': 'Sun, 12 Jul 2020 14:11:04 GMT',
418 verbose headers   vary: 'Accept-Encoding',
418 verbose headers   'cf-cache-status': 'HIT',
418 verbose headers   'cf-request-id': '0ab0066d080000ee8d8625b000000001',
418 verbose headers   'expect-ct': 'max-age=604800, report-uri="https://report-uri.cloudflare.com/cdn-cgi/beacon/expect-ct"',
418 verbose headers   server: 'cloudflare' }
419 silly get cb [ 304,
419 silly get   { date: 'Tue, 15 Jun 2021 06:48:04 GMT',
419 silly get     connection: 'keep-alive',
419 silly get     'cf-ray': '65f9d9c1abe7ee8d-CDG',
419 silly get     age: '3766',
419 silly get     'cache-control': 'public, max-age=300',
419 silly get     etag: '"f426cc89ff0a3e18d6a5f0ce7c52378e"',
419 silly get     'last-modified': 'Sun, 12 Jul 2020 14:11:04 GMT',
419 silly get     vary: 'Accept-Encoding',
419 silly get     'cf-cache-status': 'HIT',
419 silly get     'cf-request-id': '0ab0066d080000ee8d8625b000000001',
419 silly get     'expect-ct': 'max-age=604800, report-uri="https://report-uri.cloudflare.com/cdn-cgi/beacon/expect-ct"',
419 silly get     server: 'cloudflare' } ]
420 verbose etag https://registry.npmjs.org/morgan from cache
421 verbose get saving morgan to /home/sylvain/.npm/registry.npmjs.org/morgan/.cache.json
422 http 304 https://registry.npmjs.org/lodash-id
423 verbose headers { date: 'Tue, 15 Jun 2021 06:48:04 GMT',
423 verbose headers   connection: 'keep-alive',
423 verbose headers   'cf-ray': '65f9d9c19cc0cddb-CDG',
423 verbose headers   age: '1523',
423 verbose headers   'cache-control': 'public, max-age=300',
423 verbose headers   etag: '"fab66d8979f89de1099ee9ffad86ef41"',
423 verbose headers   'last-modified': 'Wed, 09 Jun 2021 02:49:17 GMT',
423 verbose headers   vary: 'Accept-Encoding',
423 verbose headers   'cf-cache-status': 'HIT',
423 verbose headers   'cf-request-id': '0ab0066cff0000cddb63b0a000000001',
423 verbose headers   'expect-ct': 'max-age=604800, report-uri="https://report-uri.cloudflare.com/cdn-cgi/beacon/expect-ct"',
423 verbose headers   server: 'cloudflare' }
424 silly get cb [ 304,
424 silly get   { date: 'Tue, 15 Jun 2021 06:48:04 GMT',
424 silly get     connection: 'keep-alive',
424 silly get     'cf-ray': '65f9d9c19cc0cddb-CDG',
424 silly get     age: '1523',
424 silly get     'cache-control': 'public, max-age=300',
424 silly get     etag: '"fab66d8979f89de1099ee9ffad86ef41"',
424 silly get     'last-modified': 'Wed, 09 Jun 2021 02:49:17 GMT',
424 silly get     vary: 'Accept-Encoding',
424 silly get     'cf-cache-status': 'HIT',
424 silly get     'cf-request-id': '0ab0066cff0000cddb63b0a000000001',
424 silly get     'expect-ct': 'max-age=604800, report-uri="https://report-uri.cloudflare.com/cdn-cgi/beacon/expect-ct"',
424 silly get     server: 'cloudflare' } ]
425 verbose etag https://registry.npmjs.org/lodash-id from cache
426 verbose get saving lodash-id to /home/sylvain/.npm/registry.npmjs.org/lodash-id/.cache.json
427 http 304 https://registry.npmjs.org/method-override
428 verbose headers { date: 'Tue, 15 Jun 2021 06:48:04 GMT',
428 verbose headers   connection: 'keep-alive',
428 verbose headers   'cf-ray': '65f9d9c1ad44cdc7-CDG',
428 verbose headers   age: '3091',
428 verbose headers   'cache-control': 'public, max-age=300',
428 verbose headers   etag: '"822ef766bf6db56adc2492f68a760e49"',
428 verbose headers   'last-modified': 'Wed, 19 Jun 2019 19:46:42 GMT',
428 verbose headers   vary: 'Accept-Encoding',
428 verbose headers   'cf-cache-status': 'HIT',
428 verbose headers   'cf-request-id': '0ab0066d0d0000cdc7100e0000000001',
428 verbose headers   'expect-ct': 'max-age=604800, report-uri="https://report-uri.cloudflare.com/cdn-cgi/beacon/expect-ct"',
428 verbose headers   server: 'cloudflare' }
429 silly get cb [ 304,
429 silly get   { date: 'Tue, 15 Jun 2021 06:48:04 GMT',
429 silly get     connection: 'keep-alive',
429 silly get     'cf-ray': '65f9d9c1ad44cdc7-CDG',
429 silly get     age: '3091',
429 silly get     'cache-control': 'public, max-age=300',
429 silly get     etag: '"822ef766bf6db56adc2492f68a760e49"',
429 silly get     'last-modified': 'Wed, 19 Jun 2019 19:46:42 GMT',
429 silly get     vary: 'Accept-Encoding',
429 silly get     'cf-cache-status': 'HIT',
429 silly get     'cf-request-id': '0ab0066d0d0000cdc7100e0000000001',
429 silly get     'expect-ct': 'max-age=604800, report-uri="https://report-uri.cloudflare.com/cdn-cgi/beacon/expect-ct"',
429 silly get     server: 'cloudflare' } ]
430 verbose etag https://registry.npmjs.org/method-override from cache
431 verbose get saving method-override to /home/sylvain/.npm/registry.npmjs.org/method-override/.cache.json
432 http 304 https://registry.npmjs.org/nanoid
433 verbose headers { date: 'Tue, 15 Jun 2021 06:48:04 GMT',
433 verbose headers   connection: 'keep-alive',
433 verbose headers   'cf-ray': '65f9d9c1a975edeb-CDG',
433 verbose headers   age: '2380',
433 verbose headers   'cache-control': 'public, max-age=300',
433 verbose headers   etag: '"50c89387196f2f2099d8744781e831d0"',
433 verbose headers   'last-modified': 'Mon, 10 May 2021 19:08:29 GMT',
433 verbose headers   vary: 'Accept-Encoding',
433 verbose headers   'cf-cache-status': 'HIT',
433 verbose headers   'cf-request-id': '0ab0066d090000edebc08ce000000001',
433 verbose headers   'expect-ct': 'max-age=604800, report-uri="https://report-uri.cloudflare.com/cdn-cgi/beacon/expect-ct"',
433 verbose headers   server: 'cloudflare' }
434 silly get cb [ 304,
434 silly get   { date: 'Tue, 15 Jun 2021 06:48:04 GMT',
434 silly get     connection: 'keep-alive',
434 silly get     'cf-ray': '65f9d9c1a975edeb-CDG',
434 silly get     age: '2380',
434 silly get     'cache-control': 'public, max-age=300',
434 silly get     etag: '"50c89387196f2f2099d8744781e831d0"',
434 silly get     'last-modified': 'Mon, 10 May 2021 19:08:29 GMT',
434 silly get     vary: 'Accept-Encoding',
434 silly get     'cf-cache-status': 'HIT',
434 silly get     'cf-request-id': '0ab0066d090000edebc08ce000000001',
434 silly get     'expect-ct': 'max-age=604800, report-uri="https://report-uri.cloudflare.com/cdn-cgi/beacon/expect-ct"',
434 silly get     server: 'cloudflare' } ]
435 verbose etag https://registry.npmjs.org/nanoid from cache
436 verbose get saving nanoid to /home/sylvain/.npm/registry.npmjs.org/nanoid/.cache.json
437 http 304 https://registry.npmjs.org/lodash
438 verbose headers { date: 'Tue, 15 Jun 2021 06:48:04 GMT',
438 verbose headers   connection: 'keep-alive',
438 verbose headers   'cf-ray': '65f9d9c19d03a8b5-CDG',
438 verbose headers   age: '3016',
438 verbose headers   'cache-control': 'public, max-age=300',
438 verbose headers   etag: '"2a7211c8e0e3a1ef5c877cd340f3ae70"',
438 verbose headers   'last-modified': 'Mon, 10 May 2021 02:21:21 GMT',
438 verbose headers   vary: 'Accept-Encoding',
438 verbose headers   'cf-cache-status': 'HIT',
438 verbose headers   'cf-request-id': '0ab0066cff0000a8b5c62f3000000001',
438 verbose headers   'expect-ct': 'max-age=604800, report-uri="https://report-uri.cloudflare.com/cdn-cgi/beacon/expect-ct"',
438 verbose headers   server: 'cloudflare' }
439 silly get cb [ 304,
439 silly get   { date: 'Tue, 15 Jun 2021 06:48:04 GMT',
439 silly get     connection: 'keep-alive',
439 silly get     'cf-ray': '65f9d9c19d03a8b5-CDG',
439 silly get     age: '3016',
439 silly get     'cache-control': 'public, max-age=300',
439 silly get     etag: '"2a7211c8e0e3a1ef5c877cd340f3ae70"',
439 silly get     'last-modified': 'Mon, 10 May 2021 02:21:21 GMT',
439 silly get     vary: 'Accept-Encoding',
439 silly get     'cf-cache-status': 'HIT',
439 silly get     'cf-request-id': '0ab0066cff0000a8b5c62f3000000001',
439 silly get     'expect-ct': 'max-age=604800, report-uri="https://report-uri.cloudflare.com/cdn-cgi/beacon/expect-ct"',
439 silly get     server: 'cloudflare' } ]
440 verbose etag https://registry.npmjs.org/lodash from cache
441 verbose get saving lodash to /home/sylvain/.npm/registry.npmjs.org/lodash/.cache.json
442 verbose get https://registry.npmjs.org/chalk not expired, no request
443 silly addNameRange number 2 { name: 'chalk', range: '>=4.1.0 <5.0.0', hasData: true }
444 silly addNameRange versions [ 'chalk',
444 silly addNameRange   [ '0.1.0',
444 silly addNameRange     '0.1.1',
444 silly addNameRange     '0.2.0',
444 silly addNameRange     '0.2.1',
444 silly addNameRange     '0.3.0',
444 silly addNameRange     '0.4.0',
444 silly addNameRange     '0.5.0',
444 silly addNameRange     '0.5.1',
444 silly addNameRange     '1.0.0',
444 silly addNameRange     '1.1.0',
444 silly addNameRange     '1.1.1',
444 silly addNameRange     '1.1.2',
444 silly addNameRange     '1.1.3',
444 silly addNameRange     '2.0.0',
444 silly addNameRange     '2.0.1',
444 silly addNameRange     '2.1.0',
444 silly addNameRange     '2.2.0',
444 silly addNameRange     '2.2.2',
444 silly addNameRange     '2.3.0',
444 silly addNameRange     '2.3.1',
444 silly addNameRange     '2.3.2',
444 silly addNameRange     '2.4.0',
444 silly addNameRange     '2.4.1',
444 silly addNameRange     '2.4.2',
444 silly addNameRange     '3.0.0-beta.1',
444 silly addNameRange     '3.0.0-beta.2',
444 silly addNameRange     '3.0.0',
444 silly addNameRange     '4.0.0',
444 silly addNameRange     '4.1.0',
444 silly addNameRange     '4.1.1' ] ]
445 silly addNamed chalk@4.1.1
446 verbose addNamed "4.1.1" is a plain semver version for chalk
447 verbose get https://registry.npmjs.org/cors not expired, no request
448 silly addNameRange number 2 { name: 'cors', range: '>=2.8.5 <3.0.0', hasData: true }
449 silly addNameRange versions [ 'cors',
449 silly addNameRange   [ '0.0.1',
449 silly addNameRange     '0.0.2',
449 silly addNameRange     '0.0.3',
449 silly addNameRange     '0.0.4',
449 silly addNameRange     '0.0.5',
449 silly addNameRange     '0.1.0',
449 silly addNameRange     '0.1.1',
449 silly addNameRange     '1.0.0',
449 silly addNameRange     '1.0.1',
449 silly addNameRange     '2.0.0',
449 silly addNameRange     '2.1.0',
449 silly addNameRange     '2.1.1',
449 silly addNameRange     '2.2.0',
449 silly addNameRange     '2.3.0',
449 silly addNameRange     '2.3.1',
449 silly addNameRange     '2.3.2',
449 silly addNameRange     '2.4.0',
449 silly addNameRange     '2.4.1',
449 silly addNameRange     '2.4.2',
449 silly addNameRange     '2.5.0',
449 silly addNameRange     '2.5.1',
449 silly addNameRange     '2.5.2',
449 silly addNameRange     '2.5.3',
449 silly addNameRange     '2.6.0',
449 silly addNameRange     '2.6.1',
449 silly addNameRange     '2.7.0',
449 silly addNameRange     '2.7.1',
449 silly addNameRange     '2.7.2',
449 silly addNameRange     '2.8.0',
449 silly addNameRange     '2.8.1',
449 silly addNameRange     '2.8.2',
449 silly addNameRange     '2.8.3',
449 silly addNameRange     '2.8.4',
449 silly addNameRange     '2.8.5' ] ]
450 silly addNamed cors@2.8.5
451 verbose addNamed "2.8.5" is a plain semver version for cors
452 http 304 https://registry.npmjs.org/body-parser
453 verbose headers { date: 'Tue, 15 Jun 2021 06:48:04 GMT',
453 verbose headers   connection: 'keep-alive',
453 verbose headers   'cf-ray': '65f9d9c18b9fee33-CDG',
453 verbose headers   age: '4176',
453 verbose headers   'cache-control': 'public, max-age=300',
453 verbose headers   etag: '"69165633b8917311c8a5b29b5aa3a438"',
453 verbose headers   'last-modified': 'Fri, 29 Nov 2019 09:32:45 GMT',
453 verbose headers   vary: 'Accept-Encoding',
453 verbose headers   'cf-cache-status': 'HIT',
453 verbose headers   'cf-request-id': '0ab0066cf50000ee33a91e9000000001',
453 verbose headers   'expect-ct': 'max-age=604800, report-uri="https://report-uri.cloudflare.com/cdn-cgi/beacon/expect-ct"',
453 verbose headers   server: 'cloudflare' }
454 silly get cb [ 304,
454 silly get   { date: 'Tue, 15 Jun 2021 06:48:04 GMT',
454 silly get     connection: 'keep-alive',
454 silly get     'cf-ray': '65f9d9c18b9fee33-CDG',
454 silly get     age: '4176',
454 silly get     'cache-control': 'public, max-age=300',
454 silly get     etag: '"69165633b8917311c8a5b29b5aa3a438"',
454 silly get     'last-modified': 'Fri, 29 Nov 2019 09:32:45 GMT',
454 silly get     vary: 'Accept-Encoding',
454 silly get     'cf-cache-status': 'HIT',
454 silly get     'cf-request-id': '0ab0066cf50000ee33a91e9000000001',
454 silly get     'expect-ct': 'max-age=604800, report-uri="https://report-uri.cloudflare.com/cdn-cgi/beacon/expect-ct"',
454 silly get     server: 'cloudflare' } ]
455 verbose etag https://registry.npmjs.org/body-parser from cache
456 verbose get saving body-parser to /home/sylvain/.npm/registry.npmjs.org/body-parser/.cache.json
457 http 304 https://registry.npmjs.org/compression
458 verbose headers { date: 'Tue, 15 Jun 2021 06:48:04 GMT',
458 verbose headers   connection: 'keep-alive',
458 verbose headers   'cf-ray': '65f9d9c18e2bee0b-CDG',
458 verbose headers   age: '6520',
458 verbose headers   'cache-control': 'public, max-age=300',
458 verbose headers   etag: '"f7d2ad9a2b003e80b56c8f5722459a23"',
458 verbose headers   'last-modified': 'Sat, 21 Sep 2019 18:45:08 GMT',
458 verbose headers   vary: 'Accept-Encoding',
458 verbose headers   'cf-cache-status': 'HIT',
458 verbose headers   'cf-request-id': '0ab0066cf50000ee0b40ba1000000001',
458 verbose headers   'expect-ct': 'max-age=604800, report-uri="https://report-uri.cloudflare.com/cdn-cgi/beacon/expect-ct"',
458 verbose headers   server: 'cloudflare' }
459 silly get cb [ 304,
459 silly get   { date: 'Tue, 15 Jun 2021 06:48:04 GMT',
459 silly get     connection: 'keep-alive',
459 silly get     'cf-ray': '65f9d9c18e2bee0b-CDG',
459 silly get     age: '6520',
459 silly get     'cache-control': 'public, max-age=300',
459 silly get     etag: '"f7d2ad9a2b003e80b56c8f5722459a23"',
459 silly get     'last-modified': 'Sat, 21 Sep 2019 18:45:08 GMT',
459 silly get     vary: 'Accept-Encoding',
459 silly get     'cf-cache-status': 'HIT',
459 silly get     'cf-request-id': '0ab0066cf50000ee0b40ba1000000001',
459 silly get     'expect-ct': 'max-age=604800, report-uri="https://report-uri.cloudflare.com/cdn-cgi/beacon/expect-ct"',
459 silly get     server: 'cloudflare' } ]
460 verbose etag https://registry.npmjs.org/compression from cache
461 verbose get saving compression to /home/sylvain/.npm/registry.npmjs.org/compression/.cache.json
462 silly resolveWithNewModule lowdb@1.0.0 checking installable status
463 silly cache add args [ 'lowdb@^1.0.0', null ]
464 verbose cache add spec lowdb@^1.0.0
465 silly cache add parsed spec Result {
465 silly cache add   raw: 'lowdb@^1.0.0',
465 silly cache add   scope: null,
465 silly cache add   name: 'lowdb',
465 silly cache add   rawSpec: '^1.0.0',
465 silly cache add   spec: '>=1.0.0 <2.0.0',
465 silly cache add   type: 'range' }
466 silly addNamed lowdb@>=1.0.0 <2.0.0
467 verbose addNamed ">=1.0.0 <2.0.0" is a valid semver range for lowdb
468 silly addNameRange { name: 'lowdb', range: '>=1.0.0 <2.0.0', hasData: false }
469 silly mapToRegistry name lowdb
470 silly mapToRegistry using default registry
471 silly mapToRegistry registry https://registry.npmjs.org/
472 silly mapToRegistry uri https://registry.npmjs.org/lowdb
473 verbose addNameRange registry:https://registry.npmjs.org/lowdb not in flight; fetching
474 verbose get https://registry.npmjs.org/errorhandler not expired, no request
475 silly addNameRange number 2 { name: 'errorhandler', range: '>=1.5.1 <2.0.0', hasData: true }
476 silly addNameRange versions [ 'errorhandler',
476 silly addNameRange   [ '1.0.0',
476 silly addNameRange     '1.0.1',
476 silly addNameRange     '1.0.2',
476 silly addNameRange     '1.1.0',
476 silly addNameRange     '1.1.1',
476 silly addNameRange     '1.2.0',
476 silly addNameRange     '1.2.1',
476 silly addNameRange     '1.2.2',
476 silly addNameRange     '1.2.3',
476 silly addNameRange     '1.3.0',
476 silly addNameRange     '1.3.1',
476 silly addNameRange     '1.2.4',
476 silly addNameRange     '1.3.2',
476 silly addNameRange     '1.3.3',
476 silly addNameRange     '1.3.4',
476 silly addNameRange     '1.3.5',
476 silly addNameRange     '1.3.6',
476 silly addNameRange     '1.4.0',
476 silly addNameRange     '1.4.1',
476 silly addNameRange     '1.4.2',
476 silly addNameRange     '1.4.3',
476 silly addNameRange     '1.5.0',
476 silly addNameRange     '1.5.1' ] ]
477 silly addNamed errorhandler@1.5.1
478 verbose addNamed "1.5.1" is a plain semver version for errorhandler
479 silly resolveWithNewModule pluralize@8.0.0 checking installable status
480 silly cache add args [ 'pluralize@^8.0.0', null ]
481 verbose cache add spec pluralize@^8.0.0
482 silly cache add parsed spec Result {
482 silly cache add   raw: 'pluralize@^8.0.0',
482 silly cache add   scope: null,
482 silly cache add   name: 'pluralize',
482 silly cache add   rawSpec: '^8.0.0',
482 silly cache add   spec: '>=8.0.0 <9.0.0',
482 silly cache add   type: 'range' }
483 silly addNamed pluralize@>=8.0.0 <9.0.0
484 verbose addNamed ">=8.0.0 <9.0.0" is a valid semver range for pluralize
485 silly addNameRange { name: 'pluralize', range: '>=8.0.0 <9.0.0', hasData: false }
486 silly mapToRegistry name pluralize
487 silly mapToRegistry using default registry
488 silly mapToRegistry registry https://registry.npmjs.org/
489 silly mapToRegistry uri https://registry.npmjs.org/pluralize
490 verbose addNameRange registry:https://registry.npmjs.org/pluralize not in flight; fetching
491 silly resolveWithNewModule express-urlrewrite@1.4.0 checking installable status
492 silly cache add args [ 'express-urlrewrite@^1.3.0', null ]
493 verbose cache add spec express-urlrewrite@^1.3.0
494 silly cache add parsed spec Result {
494 silly cache add   raw: 'express-urlrewrite@^1.3.0',
494 silly cache add   scope: null,
494 silly cache add   name: 'express-urlrewrite',
494 silly cache add   rawSpec: '^1.3.0',
494 silly cache add   spec: '>=1.3.0 <2.0.0',
494 silly cache add   type: 'range' }
495 silly addNamed express-urlrewrite@>=1.3.0 <2.0.0
496 verbose addNamed ">=1.3.0 <2.0.0" is a valid semver range for express-urlrewrite
497 silly addNameRange { name: 'express-urlrewrite',
497 silly addNameRange   range: '>=1.3.0 <2.0.0',
497 silly addNameRange   hasData: false }
498 silly mapToRegistry name express-urlrewrite
499 silly mapToRegistry using default registry
500 silly mapToRegistry registry https://registry.npmjs.org/
501 silly mapToRegistry uri https://registry.npmjs.org/express-urlrewrite
502 verbose addNameRange registry:https://registry.npmjs.org/express-urlrewrite not in flight; fetching
503 silly resolveWithNewModule please-upgrade-node@3.2.0 checking installable status
504 silly cache add args [ 'please-upgrade-node@^3.2.0', null ]
505 verbose cache add spec please-upgrade-node@^3.2.0
506 silly cache add parsed spec Result {
506 silly cache add   raw: 'please-upgrade-node@^3.2.0',
506 silly cache add   scope: null,
506 silly cache add   name: 'please-upgrade-node',
506 silly cache add   rawSpec: '^3.2.0',
506 silly cache add   spec: '>=3.2.0 <4.0.0',
506 silly cache add   type: 'range' }
507 silly addNamed please-upgrade-node@>=3.2.0 <4.0.0
508 verbose addNamed ">=3.2.0 <4.0.0" is a valid semver range for please-upgrade-node
509 silly addNameRange { name: 'please-upgrade-node',
509 silly addNameRange   range: '>=3.2.0 <4.0.0',
509 silly addNameRange   hasData: false }
510 silly mapToRegistry name please-upgrade-node
511 silly mapToRegistry using default registry
512 silly mapToRegistry registry https://registry.npmjs.org/
513 silly mapToRegistry uri https://registry.npmjs.org/please-upgrade-node
514 verbose addNameRange registry:https://registry.npmjs.org/please-upgrade-node not in flight; fetching
515 silly resolveWithNewModule express@4.17.1 checking installable status
516 silly cache add args [ 'express@^4.17.1', null ]
517 verbose cache add spec express@^4.17.1
518 silly cache add parsed spec Result {
518 silly cache add   raw: 'express@^4.17.1',
518 silly cache add   scope: null,
518 silly cache add   name: 'express',
518 silly cache add   rawSpec: '^4.17.1',
518 silly cache add   spec: '>=4.17.1 <5.0.0',
518 silly cache add   type: 'range' }
519 silly addNamed express@>=4.17.1 <5.0.0
520 verbose addNamed ">=4.17.1 <5.0.0" is a valid semver range for express
521 silly addNameRange { name: 'express', range: '>=4.17.1 <5.0.0', hasData: false }
522 silly mapToRegistry name express
523 silly mapToRegistry using default registry
524 silly mapToRegistry registry https://registry.npmjs.org/
525 silly mapToRegistry uri https://registry.npmjs.org/express
526 verbose addNameRange registry:https://registry.npmjs.org/express not in flight; fetching
527 silly resolveWithNewModule server-destroy@1.0.1 checking installable status
528 silly cache add args [ 'server-destroy@^1.0.1', null ]
529 verbose cache add spec server-destroy@^1.0.1
530 silly cache add parsed spec Result {
530 silly cache add   raw: 'server-destroy@^1.0.1',
530 silly cache add   scope: null,
530 silly cache add   name: 'server-destroy',
530 silly cache add   rawSpec: '^1.0.1',
530 silly cache add   spec: '>=1.0.1 <2.0.0',
530 silly cache add   type: 'range' }
531 silly addNamed server-destroy@>=1.0.1 <2.0.0
532 verbose addNamed ">=1.0.1 <2.0.0" is a valid semver range for server-destroy
533 silly addNameRange { name: 'server-destroy',
533 silly addNameRange   range: '>=1.0.1 <2.0.0',
533 silly addNameRange   hasData: false }
534 silly mapToRegistry name server-destroy
535 silly mapToRegistry using default registry
536 silly mapToRegistry registry https://registry.npmjs.org/
537 silly mapToRegistry uri https://registry.npmjs.org/server-destroy
538 verbose addNameRange registry:https://registry.npmjs.org/server-destroy not in flight; fetching
539 silly resolveWithNewModule json-parse-helpfulerror@1.0.3 checking installable status
540 silly cache add args [ 'json-parse-helpfulerror@^1.0.3', null ]
541 verbose cache add spec json-parse-helpfulerror@^1.0.3
542 silly cache add parsed spec Result {
542 silly cache add   raw: 'json-parse-helpfulerror@^1.0.3',
542 silly cache add   scope: null,
542 silly cache add   name: 'json-parse-helpfulerror',
542 silly cache add   rawSpec: '^1.0.3',
542 silly cache add   spec: '>=1.0.3 <2.0.0',
542 silly cache add   type: 'range' }
543 silly addNamed json-parse-helpfulerror@>=1.0.3 <2.0.0
544 verbose addNamed ">=1.0.3 <2.0.0" is a valid semver range for json-parse-helpfulerror
545 silly addNameRange { name: 'json-parse-helpfulerror',
545 silly addNameRange   range: '>=1.0.3 <2.0.0',
545 silly addNameRange   hasData: false }
546 silly mapToRegistry name json-parse-helpfulerror
547 silly mapToRegistry using default registry
548 silly mapToRegistry registry https://registry.npmjs.org/
549 silly mapToRegistry uri https://registry.npmjs.org/json-parse-helpfulerror
550 verbose addNameRange registry:https://registry.npmjs.org/json-parse-helpfulerror not in flight; fetching
551 verbose get https://registry.npmjs.org/lowdb not expired, no request
552 silly addNameRange number 2 { name: 'lowdb', range: '>=1.0.0 <2.0.0', hasData: true }
553 silly addNameRange versions [ 'lowdb',
553 silly addNameRange   [ '0.1.0',
553 silly addNameRange     '0.2.0',
553 silly addNameRange     '0.3.0',
553 silly addNameRange     '0.3.1',
553 silly addNameRange     '0.3.2',
553 silly addNameRange     '0.4.0',
553 silly addNameRange     '0.4.1',
553 silly addNameRange     '0.4.2',
553 silly addNameRange     '0.5.0',
553 silly addNameRange     '0.5.1',
553 silly addNameRange     '0.6.0',
553 silly addNameRange     '0.6.1',
553 silly addNameRange     '0.7.0',
553 silly addNameRange     '0.7.1',
553 silly addNameRange     '0.7.2',
553 silly addNameRange     '0.7.3',
553 silly addNameRange     '0.8.0',
553 silly addNameRange     '0.8.1',
553 silly addNameRange     '0.9.0',
553 silly addNameRange     '0.10.0',
553 silly addNameRange     '0.10.1',
553 silly addNameRange     '0.10.2',
553 silly addNameRange     '0.10.3',
553 silly addNameRange     '0.11.0',
553 silly addNameRange     '0.11.1',
553 silly addNameRange     '0.11.2',
553 silly addNameRange     '0.11.3',
553 silly addNameRange     '0.11.4',
553 silly addNameRange     '0.11.5',
553 silly addNameRange     '0.12.0',
553 silly addNameRange     '0.12.1',
553 silly addNameRange     '0.12.2',
553 silly addNameRange     '0.12.3',
553 silly addNameRange     '0.12.4',
553 silly addNameRange     '0.12.5',
553 silly addNameRange     '0.13.0-beta.1',
553 silly addNameRange     '0.13.0-beta.2',
553 silly addNameRange     '0.13.0-beta.3',
553 silly addNameRange     '0.13.0-beta.4',
553 silly addNameRange     '0.13.0-beta-5',
553 silly addNameRange     '0.13.0',
553 silly addNameRange     '0.13.1',
553 silly addNameRange     '0.14.0',
553 silly addNameRange     '0.15.0',
553 silly addNameRange     '0.15.1',
553 silly addNameRange     '0.15.2',
553 silly addNameRange     '0.15.3',
553 silly addNameRange     '0.15.4',
553 silly addNameRange     '0.15.5',
553 silly addNameRange     '0.16.0',
553 silly addNameRange     '0.16.1',
553 silly addNameRange     '0.16.2',
553 silly addNameRange     '0.17.0',
553 silly addNameRange     '0.17.1',
553 silly addNameRange     '0.17.2',
553 silly addNameRange     '1.0.0',
553 silly addNameRange     '2.0.0',
553 silly addNameRange     '2.0.1',
553 silly addNameRange     '2.0.2',
553 silly addNameRange     '2.0.3',
553 silly addNameRange     '2.1.0' ] ]
554 silly addNamed lowdb@1.0.0
555 verbose addNamed "1.0.0" is a plain semver version for lowdb
556 silly cache afterAdd chalk@4.1.1
557 verbose afterAdd /home/sylvain/.npm/chalk/4.1.1/package/package.json not in flight; writing
558 silly cache afterAdd cors@2.8.5
559 verbose afterAdd /home/sylvain/.npm/cors/2.8.5/package/package.json not in flight; writing
560 silly resolveWithNewModule method-override@3.0.0 checking installable status
561 silly cache add args [ 'method-override@^3.0.0', null ]
562 verbose cache add spec method-override@^3.0.0
563 silly cache add parsed spec Result {
563 silly cache add   raw: 'method-override@^3.0.0',
563 silly cache add   scope: null,
563 silly cache add   name: 'method-override',
563 silly cache add   rawSpec: '^3.0.0',
563 silly cache add   spec: '>=3.0.0 <4.0.0',
563 silly cache add   type: 'range' }
564 silly addNamed method-override@>=3.0.0 <4.0.0
565 verbose addNamed ">=3.0.0 <4.0.0" is a valid semver range for method-override
566 silly addNameRange { name: 'method-override',
566 silly addNameRange   range: '>=3.0.0 <4.0.0',
566 silly addNameRange   hasData: false }
567 silly mapToRegistry name method-override
568 silly mapToRegistry using default registry
569 silly mapToRegistry registry https://registry.npmjs.org/
570 silly mapToRegistry uri https://registry.npmjs.org/method-override
571 verbose addNameRange registry:https://registry.npmjs.org/method-override not in flight; fetching
572 silly resolveWithNewModule morgan@1.10.0 checking installable status
573 silly cache add args [ 'morgan@^1.10.0', null ]
574 verbose cache add spec morgan@^1.10.0
575 silly cache add parsed spec Result {
575 silly cache add   raw: 'morgan@^1.10.0',
575 silly cache add   scope: null,
575 silly cache add   name: 'morgan',
575 silly cache add   rawSpec: '^1.10.0',
575 silly cache add   spec: '>=1.10.0 <2.0.0',
575 silly cache add   type: 'range' }
576 silly addNamed morgan@>=1.10.0 <2.0.0
577 verbose addNamed ">=1.10.0 <2.0.0" is a valid semver range for morgan
578 silly addNameRange { name: 'morgan', range: '>=1.10.0 <2.0.0', hasData: false }
579 silly mapToRegistry name morgan
580 silly mapToRegistry using default registry
581 silly mapToRegistry registry https://registry.npmjs.org/
582 silly mapToRegistry uri https://registry.npmjs.org/morgan
583 verbose addNameRange registry:https://registry.npmjs.org/morgan not in flight; fetching
584 verbose stack Error: Missing required argument #1
584 verbose stack     at andLogAndFinish (/usr/share/npm/lib/fetch-package-metadata.js:31:3)
584 verbose stack     at fetchPackageMetadata (/usr/share/npm/lib/fetch-package-metadata.js:51:22)
584 verbose stack     at resolveWithNewModule (/usr/share/npm/lib/install/deps.js:456:12)
584 verbose stack     at /usr/share/npm/lib/install/deps.js:457:7
584 verbose stack     at /usr/share/npm/node_modules/iferr/index.js:13:50
584 verbose stack     at /usr/share/npm/lib/fetch-package-metadata.js:37:12
584 verbose stack     at addRequestedAndFinish (/usr/share/npm/lib/fetch-package-metadata.js:82:5)
584 verbose stack     at returnAndAddMetadata (/usr/share/npm/lib/fetch-package-metadata.js:117:7)
584 verbose stack     at pickVersionFromRegistryDocument (/usr/share/npm/lib/fetch-package-metadata.js:134:20)
584 verbose stack     at /usr/share/npm/node_modules/iferr/index.js:13:50
585 verbose cwd /home/sylvain/Tlchargements/JS-A-to-Z-b6ea57977451fa7fc19e684aa64da78bbe5bf0f9/cours
586 error Linux 5.4.0-73-generic
587 error argv "/usr/bin/node" "/usr/bin/npm" "i" "-g" "json-server"
588 error node v8.10.0
589 error npm  v3.5.2
590 error code EMISSINGARG
591 error typeerror Error: Missing required argument #1
591 error typeerror     at andLogAndFinish (/usr/share/npm/lib/fetch-package-metadata.js:31:3)
591 error typeerror     at fetchPackageMetadata (/usr/share/npm/lib/fetch-package-metadata.js:51:22)
591 error typeerror     at resolveWithNewModule (/usr/share/npm/lib/install/deps.js:456:12)
591 error typeerror     at /usr/share/npm/lib/install/deps.js:457:7
591 error typeerror     at /usr/share/npm/node_modules/iferr/index.js:13:50
591 error typeerror     at /usr/share/npm/lib/fetch-package-metadata.js:37:12
591 error typeerror     at addRequestedAndFinish (/usr/share/npm/lib/fetch-package-metadata.js:82:5)
591 error typeerror     at returnAndAddMetadata (/usr/share/npm/lib/fetch-package-metadata.js:117:7)
591 error typeerror     at pickVersionFromRegistryDocument (/usr/share/npm/lib/fetch-package-metadata.js:134:20)
591 error typeerror     at /usr/share/npm/node_modules/iferr/index.js:13:50
592 error typeerror This is an error with npm itself. Please report this error at:
592 error typeerror     <http://github.com/npm/npm/issues>
593 verbose exit [ 1, true ]
